Starting job 3726036 on hugemem-1-1 at Fri Dec 10 08:37:02 CET 2021

  1) StdEnv

The following have been reloaded with a version change:
  1) GCCcore/6.4.0 => GCCcore/8.3.0


The following have been reloaded with a version change:
  1) GCCcore/8.3.0 => GCCcore/6.4.0
  2) zlib/1.2.11-GCCcore-8.3.0 => zlib/1.2.11-GCCcore-6.4.0


Currently Loaded Modules:
  1) StdEnv                                             (S)
  2) binutils/2.28-GCCcore-6.4.0                        (H)
  3) GCC/6.4.0-2.28
  4) hpcx/2.9
  5) OpenMPI/2.1.2-GCC-6.4.0-2.28
  6) OpenBLAS/0.2.20-GCC-6.4.0-2.28
  7) gompi/2018a
  8) FFTW/3.3.7-gompi-2018a
  9) ScaLAPACK/2.0.2-gompi-2018a-OpenBLAS-0.2.20
 10) foss/2018a
 11) bzip2/1.0.8-GCCcore-8.3.0                          (H)
 12) ncurses/6.1-GCCcore-8.3.0                          (H)
 13) libreadline/8.0-GCCcore-8.3.0                      (H)
 14) XZ/5.2.4-GCCcore-8.3.0                             (H)
 15) GMP/6.1.2-GCCcore-8.3.0                            (H)
 16) libffi/3.2.1-GCCcore-8.3.0                         (H)
 17) Python/3.7.4-GCCcore-8.3.0
 18) icc/2018.1.163-GCC-6.4.0-2.28
 19) ifort/2018.1.163-GCC-6.4.0-2.28
 20) iccifort/2018.1.163-GCC-6.4.0-2.28
 21) impi/2018.1.163-iccifort-2018.1.163-GCC-6.4.0-2.28
 22) iimpi/2018a
 23) imkl/2018.1.163-iimpi-2018a
 24) intel/2018a
 25) GCCcore/6.4.0
 26) zlib/1.2.11-GCCcore-6.4.0                          (H)
 27) Szip/2.1.1-GCCcore-6.4.0                           (H)
 28) HDF5/1.8.19-intel-2018a
 29) cURL/7.56.0-GCCcore-6.4.0                          (H)
 30) netCDF/4.4.1.1-intel-2018a-HDF5-1.8.19
 31) YAXT/0.5.1-intel-2018a                             (H)
 32) JasPer/1.900.1-GCCcore-6.4.0                       (H)
 33) grib_api/1.25.0-intel-2018a
 34) CDO/1.9.3-intel-2018a

  Where:
   H:  Hidden Module
   S:  Module is Sticky, requires --force to unload or purge

 

cdo select: Processed 30952389600 values from 3 variables over 14596 timesteps [869.87s 96MB]
cdo select: Processed 28019930400 values from 3 variables over 14596 timesteps [780.36s 157MB]
cdo timmean: Processed 30952389600 values from 3 variables over 7661 timesteps [1001.19s 222MB]
cdo timmean: Processed 28019930400 values from 3 variables over 6935 timesteps [830.52s 222MB]
cdo sub: Processed 24235200 values from 6 variables over 2 timesteps [0.57s 124MB]

Task and CPU usage stats:
       JobID    JobName  AllocCPUS   NTasks     MinCPU MinCPUTask     AveCPU    Elapsed ExitCode 
------------ ---------- ---------- -------- ---------- ---------- ---------- ---------- -------- 
3726036      DIV_regrid          8                                             00:59:00      0:0 
3726036.bat+      batch          8        1   00:56:35          0   00:56:35   00:59:00      0:0 
3726036.ext+     extern          8        1   00:00:00          0   00:00:00   00:59:01      0:0 

Memory usage stats:
       JobID     MaxRSS MaxRSSTask     AveRSS MaxPages   MaxPagesTask   AvePages 
------------ ---------- ---------- ---------- -------- -------------- ---------- 
3726036                                                                          
3726036.bat+    196172K          0    196172K        0              0          0 
3726036.ext+       129K          0       129K        0              0          0 

Disk usage stats:
       JobID  MaxDiskRead MaxDiskReadTask    AveDiskRead MaxDiskWrite MaxDiskWriteTask   AveDiskWrite 
------------ ------------ --------------- -------------- ------------ ---------------- -------------- 
3726036                                                                                               
3726036.bat+   892685.24M               0     892685.24M   449925.01M                0     449925.01M 
3726036.ext+        0.00M               0          0.00M            0                0              0 

Job 3726036 completed at Fri Dec 10 09:36:04 CET 2021
