Starting job 517357 on c8-8 at Mon May 4 17:12:58 CEST 2020

  1) StdEnv

The following have been reloaded with a version change:
  1) GCCcore/6.4.0 => GCCcore/8.3.0


The following have been reloaded with a version change:
  1) GCCcore/8.3.0 => GCCcore/6.4.0
  2) zlib/1.2.11-GCCcore-8.3.0 => zlib/1.2.11-GCCcore-6.4.0


Currently Loaded Modules:
  1) StdEnv                                             (S)
  2) binutils/2.28-GCCcore-6.4.0                        (H)
  3) GCC/6.4.0-2.28
  4) hpcx/2.2
  5) OpenMPI/2.1.2-GCC-6.4.0-2.28
  6) OpenBLAS/0.2.20-GCC-6.4.0-2.28
  7) gompi/2018a
  8) FFTW/3.3.7-gompi-2018a
  9) ScaLAPACK/2.0.2-gompi-2018a-OpenBLAS-0.2.20
 10) foss/2018a
 11) bzip2/1.0.8-GCCcore-8.3.0                          (H)
 12) ncurses/6.1-GCCcore-8.3.0                          (H)
 13) libreadline/8.0-GCCcore-8.3.0                      (H)
 14) XZ/5.2.4-GCCcore-8.3.0                             (H)
 15) GMP/6.1.2-GCCcore-8.3.0                            (H)
 16) libffi/3.2.1-GCCcore-8.3.0                         (H)
 17) Python/3.7.4-GCCcore-8.3.0
 18) icc/2018.1.163-GCC-6.4.0-2.28
 19) ifort/2018.1.163-GCC-6.4.0-2.28
 20) iccifort/2018.1.163-GCC-6.4.0-2.28
 21) impi/2018.1.163-iccifort-2018.1.163-GCC-6.4.0-2.28
 22) iimpi/2018a
 23) imkl/2018.1.163-iimpi-2018a
 24) intel/2018a
 25) GCCcore/6.4.0
 26) zlib/1.2.11-GCCcore-6.4.0                          (H)
 27) Szip/2.1.1-GCCcore-6.4.0                           (H)
 28) HDF5/1.8.19-intel-2018a
 29) cURL/7.56.0-GCCcore-6.4.0                          (H)
 30) netCDF/4.4.1.1-intel-2018a-HDF5-1.8.19
 31) YAXT/0.5.1-intel-2018a                             (H)
 32) JasPer/1.900.1-GCCcore-6.4.0                       (H)
 33) grib_api/1.25.0-intel-2018a
 34) CDO/1.9.3-intel-2018a

  Where:
   H:  Hidden Module
   S:  Module is Sticky, requires --force to unload or purge

 

cdo selname: Processed 57498012000 values from 3 variables over 14235 timesteps [730.24s 81MB]

Task and CPU usage stats:
       JobID    JobName  AllocCPUS   NTasks     MinCPU MinCPUTask     AveCPU    Elapsed ExitCode 
------------ ---------- ---------- -------- ---------- ---------- ---------- ---------- -------- 
517357        merge_div          4                                             00:13:14      0:0 
517357.batch      batch          4        1   00:11:57          0   00:11:57   00:13:14      0:0 
517357.exte+     extern          4        1   00:00:00          0   00:00:00   00:13:14      0:0 

Memory usage stats:
       JobID     MaxRSS MaxRSSTask     AveRSS MaxPages   MaxPagesTask   AvePages 
------------ ---------- ---------- ---------- -------- -------------- ---------- 
517357                                                                           
517357.batch     82893K          0     82893K        0              0          0 
517357.exte+       102K          0       102K        0              0          0 

Disk usage stats:
       JobID  MaxDiskRead MaxDiskReadTask    AveDiskRead MaxDiskWrite MaxDiskWriteTask   AveDiskWrite 
------------ ------------ --------------- -------------- ------------ ---------------- -------------- 
517357                                                                                                
517357.batch   215650.09M               0     215650.09M   215624.75M                0     215624.75M 
517357.exte+        0.00M               0          0.00M            0                0              0 

Job 517357 completed at Mon May 4 17:26:12 CEST 2020
