Starting job 3334737 on c8-6 at Sun Sep 26 15:44:14 CEST 2021

  1) StdEnv

The following have been reloaded with a version change:
  1) GCCcore/6.4.0 => GCCcore/8.3.0


The following have been reloaded with a version change:
  1) binutils/2.28-GCCcore-6.4.0 => binutils/2.32-GCCcore-8.3.0


Currently Loaded Modules:
  1) StdEnv                                      (S)
  2) GCC/6.4.0-2.28
  3) hpcx/2.2
  4) OpenMPI/2.1.2-GCC-6.4.0-2.28
  5) OpenBLAS/0.2.20-GCC-6.4.0-2.28
  6) gompi/2018a
  7) FFTW/3.3.7-gompi-2018a
  8) ScaLAPACK/2.0.2-gompi-2018a-OpenBLAS-0.2.20
  9) foss/2018a
 10) bzip2/1.0.8-GCCcore-8.3.0                   (H)
 11) zlib/1.2.11-GCCcore-8.3.0                   (H)
 12) ncurses/6.1-GCCcore-8.3.0                   (H)
 13) libreadline/8.0-GCCcore-8.3.0               (H)
 14) XZ/5.2.4-GCCcore-8.3.0                      (H)
 15) GMP/6.1.2-GCCcore-8.3.0                     (H)
 16) libffi/3.2.1-GCCcore-8.3.0                  (H)
 17) Python/3.7.4-GCCcore-8.3.0
 18) GCCcore/8.3.0
 19) binutils/2.32-GCCcore-8.3.0                 (H)
 20) iccifort/2019.5.281
 21) impi/2018.5.288-iccifort-2019.5.281
 22) iimpi/2019b
 23) imkl/2019.5.281-iimpi-2019b
 24) intel/2019b
 25) Szip/2.1.1-GCCcore-8.3.0                    (H)
 26) HDF5/1.10.5-iimpi-2019b
 27) cURL/7.66.0-GCCcore-8.3.0                   (H)
 28) netCDF/4.7.1-iimpi-2019b
 29) YAXT/0.6.2-iimpi-2019b                      (H)
 30) JasPer/2.0.14-GCCcore-8.3.0                 (H)
 31) ecCodes/2.15.0-iimpi-2019b
 32) CDO/1.9.8-intel-2019b

  Where:
   H:  Hidden Module
   S:  Module is Sticky, requires --force to unload or purge

 

cdo    mul: Filling up stream1 >/cluster/work/users/the038/decordivD/regrid_divQ_WN0-3/reg.divQ.WN0-3.addeddivD.SMB.1979-2018.10d_rm.nc< by copying the first variable.
cdo    mul: Processed 4 variables over 14602 timesteps [2736.60s 147MB].

Task and CPU usage stats:
       JobID    JobName  AllocCPUS   NTasks     MinCPU MinCPUTask     AveCPU    Elapsed ExitCode 
------------ ---------- ---------- -------- ---------- ---------- ---------- ---------- -------- 
3334737      compute_c+          6                                             00:45:50      0:0 
3334737.bat+      batch          6        1   00:41:42          0   00:41:42   00:45:50      0:0 
3334737.ext+     extern          6        1   00:00:00          0   00:00:00   00:45:50      0:0 

Memory usage stats:
       JobID     MaxRSS MaxRSSTask     AveRSS MaxPages   MaxPagesTask   AvePages 
------------ ---------- ---------- ---------- -------- -------------- ---------- 
3334737                                                                          
3334737.bat+    149381K          0    149381K        0              0          0 
3334737.ext+       143K          0       143K        0              0          0 

Disk usage stats:
       JobID  MaxDiskRead MaxDiskReadTask    AveDiskRead MaxDiskWrite MaxDiskWriteTask   AveDiskWrite 
------------ ------------ --------------- -------------- ------------ ---------------- -------------- 
3334737                                                                                               
3334737.bat+   446842.32M               0     446842.32M   446749.88M                0     446749.88M 
3334737.ext+        0.00M               0          0.00M            0                0              0 

Job 3334737 completed at Sun Sep 26 16:30:05 CEST 2021
