Starting job 3334899 on c8-[1-2] at Mon Sep 27 09:03:26 CEST 2021

  1) StdEnv

The following have been reloaded with a version change:
  1) GCCcore/6.4.0 => GCCcore/8.3.0


The following have been reloaded with a version change:
  1) binutils/2.28-GCCcore-6.4.0 => binutils/2.32-GCCcore-8.3.0


Currently Loaded Modules:
  1) StdEnv                                      (S)
  2) GCC/6.4.0-2.28
  3) hpcx/2.2
  4) OpenMPI/2.1.2-GCC-6.4.0-2.28
  5) OpenBLAS/0.2.20-GCC-6.4.0-2.28
  6) gompi/2018a
  7) FFTW/3.3.7-gompi-2018a
  8) ScaLAPACK/2.0.2-gompi-2018a-OpenBLAS-0.2.20
  9) foss/2018a
 10) bzip2/1.0.8-GCCcore-8.3.0                   (H)
 11) zlib/1.2.11-GCCcore-8.3.0                   (H)
 12) ncurses/6.1-GCCcore-8.3.0                   (H)
 13) libreadline/8.0-GCCcore-8.3.0               (H)
 14) XZ/5.2.4-GCCcore-8.3.0                      (H)
 15) GMP/6.1.2-GCCcore-8.3.0                     (H)
 16) libffi/3.2.1-GCCcore-8.3.0                  (H)
 17) Python/3.7.4-GCCcore-8.3.0
 18) GCCcore/8.3.0
 19) binutils/2.32-GCCcore-8.3.0                 (H)
 20) iccifort/2019.5.281
 21) impi/2018.5.288-iccifort-2019.5.281
 22) iimpi/2019b
 23) imkl/2019.5.281-iimpi-2019b
 24) intel/2019b
 25) Szip/2.1.1-GCCcore-8.3.0                    (H)
 26) HDF5/1.10.5-iimpi-2019b
 27) cURL/7.66.0-GCCcore-8.3.0                   (H)
 28) netCDF/4.7.1-iimpi-2019b
 29) YAXT/0.6.2-iimpi-2019b                      (H)
 30) JasPer/2.0.14-GCCcore-8.3.0                 (H)
 31) ecCodes/2.15.0-iimpi-2019b
 32) CDO/1.9.8-intel-2019b

  Where:
   H:  Hidden Module
   S:  Module is Sticky, requires --force to unload or purge

 

cdo    selindexbox: Open failed on >/cluster/work/users/the038/decrodivD//regrid_divD_WN0-3/divD.WN0-3.1979-2018.greenland_box.smoothed.decordivQWN0-3.decordivQWN4-5.anom.to_smb.nc<
                    No such file or directory
cdo    selindexbox: Open failed on >/cluster/work/users/the038/decrodivD//regrid_divD_WN4-5/divD.WN4-5.1979-2018.greenland_box.smoothed.decordivQWN0-3.decordivQWN4-5.anom.to_smb.nc<
                    No such file or directory
cdo    selindexbox: Open failed on >/cluster/work/users/the038/decrodivD//regrid_divQ_WN0-3/divQ.WN0-3.1979-2018.greenland_box.smoothed.addeddivDWN0-3.addeddivDWN4-5.anom.to_smb.nc<
                    No such file or directory
cdo    selindexbox: Open failed on >/cluster/work/users/the038/decrodivD//regrid_divQ_WN4-5/divQ.WN4-5.1979-2018.greenland_box.smoothed.addeddivDWN0-3.addeddivDWN4-5.anom.to_smb.nc<
                    No such file or directory

Task and CPU usage stats:
       JobID    JobName  AllocCPUS   NTasks     MinCPU MinCPUTask     AveCPU    Elapsed ExitCode 
------------ ---------- ---------- -------- ---------- ---------- ---------- ---------- -------- 
3334899      compute_c+          6                                             00:00:10      0:0 
3334899.bat+      batch          3        1   00:00:00          0   00:00:00   00:00:10      0:0 
3334899.ext+     extern          6        2   00:00:00          1   00:00:00   00:00:11      0:0 

Memory usage stats:
       JobID     MaxRSS MaxRSSTask     AveRSS MaxPages   MaxPagesTask   AvePages 
------------ ---------- ---------- ---------- -------- -------------- ---------- 
3334899                                                                          
3334899.bat+       658K          0       658K        0              0          0 
3334899.ext+        29K          0     28.50K        0              1          0 

Disk usage stats:
       JobID  MaxDiskRead MaxDiskReadTask    AveDiskRead MaxDiskWrite MaxDiskWriteTask   AveDiskWrite 
------------ ------------ --------------- -------------- ------------ ---------------- -------------- 
3334899                                                                                               
3334899.bat+            0               0              0            0                0              0 
3334899.ext+        0.00M               1          0.00M            0                1              0 

Job 3334899 completed at Mon Sep 27 09:03:37 CEST 2021
